237	famous.bak
202	phillylinux.famous.jpg
94	phillylinux.jpg
63	darxus.famous.jpg
42	phillylinux.famous.ps
34	phillylinux.keyring
34	phillylinux.gpg
28	gpg-party.html
24	phillylinux.ps
22	phillylinux.sigs
14	index.html~
14	index.html-2000-12-30-19-20
14	index.html
12	phillylinux.300.jpg
11	index.html-2000-12-17-22-47
10	index.html-2000-12-15-13-36
8	darxus.famous.320.jpg
7	phillylinux.famous.dot
7	phillylinux.famous.320.jpg
7	phillylinux.320.jpg
5	index.html-2000-12-02-15-42
5	index.html-2000-11-25-13-56
4	phillylinux.fingerprints
4	phillylinux.dot
3	stats.txt
3	index.html-2000-10-18-11-11
3	index.html-2000-10-15-15-03
3	index.html-2000-10-05-00-24
2	stats.html
1	secrets.html~
1	secrets.html
1	existing.txt
